<?xml version="1.0" encoding="UTF-8"?>
<testng-results skipped="0" failed="0" ignored="0" total="2" passed="2">
  <reporter-output>
  </reporter-output>
  <suite name="Google suite" duration-ms="5211" started-at="2017-05-11T21:32:40Z" finished-at="2017-05-11T21:32:45Z">
    <groups>
    </groups>
    <test name="Google tests" duration-ms="5211" started-at="2017-05-11T21:32:40Z" finished-at="2017-05-11T21:32:45Z">
      <class name="da.qa.school.tests.Test1">
        <test-method status="PASS" signature="openBrowser(java.lang.String)[pri:0, instance:da.qa.school.tests.Test1@54f4a7f0]" name="openBrowser" is-config="true" duration-ms="2783" started-at="2017-05-12T00:32:40Z" finished-at="2017-05-12T00:32:43Z">
          <params>
            <param index="0">
              <value>
                <![CDATA[chrome]]>
              </value>
            </param>
          </params>
          <reporter-output>
          </reporter-output>
        </test-method> <!-- openBrowser -->
        <test-method status="PASS" signature="some_test_method()[pri:0, instance:da.qa.school.tests.Test1@54f4a7f0]" name="some_test_method" duration-ms="1500" started-at="2017-05-12T00:32:43Z" finished-at="2017-05-12T00:32:44Z">
          <reporter-output>
          </reporter-output>
        </test-method> <!-- some_test_method -->
        <test-method status="PASS" signature="closeBrowser()[pri:0, instance:da.qa.school.tests.Test1@54f4a7f0]" name="closeBrowser" is-config="true" duration-ms="892" started-at="2017-05-12T00:32:44Z" finished-at="2017-05-12T00:32:45Z">
          <reporter-output>
          </reporter-output>
        </test-method> <!-- closeBrowser -->
      </class> <!-- da.qa.school.tests.Test1 -->
      <class name="da.qa.school.tests.Test2">
        <test-method status="PASS" signature="openBrowser(java.lang.String)[pri:0, instance:da.qa.school.tests.Test2@61a1ea2c]" name="openBrowser" is-config="true" duration-ms="2751" started-at="2017-05-12T00:32:40Z" finished-at="2017-05-12T00:32:43Z">
          <params>
            <param index="0">
              <value>
                <![CDATA[chrome]]>
              </value>
            </param>
          </params>
          <reporter-output>
          </reporter-output>
        </test-method> <!-- openBrowser -->
        <test-method status="PASS" signature="some_test_method()[pri:0, instance:da.qa.school.tests.Test2@61a1ea2c]" name="some_test_method" duration-ms="1522" started-at="2017-05-12T00:32:43Z" finished-at="2017-05-12T00:32:44Z">
          <reporter-output>
          </reporter-output>
        </test-method> <!-- some_test_method -->
        <test-method status="PASS" signature="closeBrowser()[pri:0, instance:da.qa.school.tests.Test2@61a1ea2c]" name="closeBrowser" is-config="true" duration-ms="889" started-at="2017-05-12T00:32:44Z" finished-at="2017-05-12T00:32:45Z">
          <reporter-output>
          </reporter-output>
        </test-method> <!-- closeBrowser -->
      </class> <!-- da.qa.school.tests.Test2 -->
    </test> <!-- Google tests -->
  </suite> <!-- Google suite -->
</testng-results>
