<?xml version="1.0" encoding="UTF-8"?>
<testng-results skipped="0" failed="0" ignored="0" total="2" passed="2">
  <reporter-output>
  </reporter-output>
  <suite name="Google suite" duration-ms="7278" started-at="2017-05-11T21:45:34Z" finished-at="2017-05-11T21:45:41Z">
    <groups>
    </groups>
    <test name="Google tests" duration-ms="7278" started-at="2017-05-11T21:45:34Z" finished-at="2017-05-11T21:45:41Z">
      <class name="da.qa.school.tests.Test1">
        <test-method status="PASS" signature="openBrowser(java.lang.String)[pri:0, instance:da.qa.school.tests.Test1@54f4a7f0]" name="openBrowser" is-config="true" duration-ms="2595" started-at="2017-05-12T00:45:34Z" finished-at="2017-05-12T00:45:36Z">
          <params>
            <param index="0">
              <value>
                <![CDATA[chrome]]>
              </value>
            </param>
          </params>
          <reporter-output>
          </reporter-output>
        </test-method> <!-- openBrowser -->
        <test-method status="PASS" signature="some_test_method()[pri:0, instance:da.qa.school.tests.Test1@54f4a7f0]" name="some_test_method" duration-ms="3696" started-at="2017-05-12T00:45:36Z" finished-at="2017-05-12T00:45:40Z">
          <reporter-output>
          </reporter-output>
        </test-method> <!-- some_test_method -->
        <test-method status="PASS" signature="closeBrowser()[pri:0, instance:da.qa.school.tests.Test1@54f4a7f0]" name="closeBrowser" is-config="true" duration-ms="931" started-at="2017-05-12T00:45:40Z" finished-at="2017-05-12T00:45:41Z">
          <reporter-output>
          </reporter-output>
        </test-method> <!-- closeBrowser -->
      </class> <!-- da.qa.school.tests.Test1 -->
      <class name="da.qa.school.tests.Test2">
        <test-method status="PASS" signature="openBrowser(java.lang.String)[pri:0, instance:da.qa.school.tests.Test2@61a1ea2c]" name="openBrowser" is-config="true" duration-ms="2784" started-at="2017-05-12T00:45:34Z" finished-at="2017-05-12T00:45:37Z">
          <params>
            <param index="0">
              <value>
                <![CDATA[chrome]]>
              </value>
            </param>
          </params>
          <reporter-output>
          </reporter-output>
        </test-method> <!-- openBrowser -->
        <test-method status="PASS" signature="some_test_method()[pri:0, instance:da.qa.school.tests.Test2@61a1ea2c]" name="some_test_method" duration-ms="3539" started-at="2017-05-12T00:45:37Z" finished-at="2017-05-12T00:45:40Z">
          <reporter-output>
          </reporter-output>
        </test-method> <!-- some_test_method -->
        <test-method status="PASS" signature="closeBrowser()[pri:0, instance:da.qa.school.tests.Test2@61a1ea2c]" name="closeBrowser" is-config="true" duration-ms="923" started-at="2017-05-12T00:45:40Z" finished-at="2017-05-12T00:45:41Z">
          <reporter-output>
          </reporter-output>
        </test-method> <!-- closeBrowser -->
      </class> <!-- da.qa.school.tests.Test2 -->
    </test> <!-- Google tests -->
  </suite> <!-- Google suite -->
</testng-results>
